{"C:\\Users\\Administrador\\ts-todolist\\src\\todoList.ts": {"path":"C:\\Users\\Administrador\\ts-todolist\\src\\todoList.ts","statementMap":{"0":{"start":{"line":7,"column":4},"end":{"line":7,"column":23}},"1":{"start":{"line":10,"column":6},"end":{"line":12,"column":null}},"2":{"start":{"line":10,"column":34},"end":{"line":10,"column":63}},"3":{"start":{"line":11,"column":8},"end":{"line":11,"column":48}},"4":{"start":{"line":13,"column":6},"end":{"line":13,"column":62}},"5":{"start":{"line":17,"column":6},"end":{"line":17,"column":24}},"6":{"start":{"line":21,"column":19},"end":{"line":21,"column":67}},"7":{"start":{"line":21,"column":40},"end":{"line":21,"column":66}},"8":{"start":{"line":22,"column":6},"end":{"line":24,"column":null}},"9":{"start":{"line":23,"column":8},"end":{"line":23,"column":43}},"10":{"start":{"line":25,"column":6},"end":{"line":25,"column":23}},"11":{"start":{"line":6,"column":2},"end":{"line":6,"column":15}}},"fnMap":{"0":{"name":"(anonymous_0)","decl":{"start":{"line":6,"column":2},"end":{"line":6,"column":15}},"loc":{"start":{"line":6,"column":2},"end":{"line":27,"column":3}}},"1":{"name":"(anonymous_1)","decl":{"start":{"line":9,"column":4},"end":{"line":9,"column":7}},"loc":{"start":{"line":9,"column":31},"end":{"line":14,"column":5}}},"2":{"name":"(anonymous_2)","decl":{"start":{"line":10,"column":26},"end":{"line":10,"column":30}},"loc":{"start":{"line":10,"column":34},"end":{"line":10,"column":63}}},"3":{"name":"(anonymous_3)","decl":{"start":{"line":16,"column":4},"end":{"line":16,"column":8}},"loc":{"start":{"line":16,"column":8},"end":{"line":18,"column":5}}},"4":{"name":"(anonymous_4)","decl":{"start":{"line":20,"column":4},"end":{"line":20,"column":14}},"loc":{"start":{"line":20,"column":38},"end":{"line":26,"column":5}}},"5":{"name":"(anonymous_5)","decl":{"start":{"line":21,"column":35},"end":{"line":21,"column":36}},"loc":{"start":{"line":21,"column":40},"end":{"line":21,"column":66}}}},"branchMap":{"0":{"loc":{"start":{"line":10,"column":6},"end":{"line":12,"column":null}},"type":"if","locations":[{"start":{"line":10,"column":6},"end":{"line":12,"column":null}}]},"1":{"loc":{"start":{"line":22,"column":6},"end":{"line":24,"column":null}},"type":"if","locations":[{"start":{"line":22,"column":6},"end":{"line":24,"column":null}}]}},"s":{"0":4,"1":6,"2":2,"3":1,"4":5,"5":1,"6":1,"7":1,"8":1,"9":0,"10":1,"11":1},"f":{"0":4,"1":6,"2":2,"3":1,"4":1,"5":1},"b":{"0":[1],"1":[0]}}
}
